# JRE version: OpenJDK Runtime Environment (8.0_151-b12) (build 1.8.0_151-8u151-b12-1~deb9u1-b12)
# Java VM: OpenJDK 64-Bit Server VM (25.151-b12 mixed mode linux-amd64 compressed oops)
Heap:
 def new generation   total 235968K, used 41908K [0x00000000d0000000, 0x00000000e0000000, 0x00000000e0000000)
  eden space 209792K,   8% used [0x00000000d0000000, 0x00000000d1267860, 0x00000000dcce0000)
  from space 26176K,  88% used [0x00000000dcce0000, 0x00000000de365ac8, 0x00000000de670000)
  to   space 26176K,   0% used [0x00000000de670000, 0x00000000de670000, 0x00000000e0000000)
 tenured generation   total 524288K, used 96457K [0x00000000e0000000, 0x0000000100000000, 0x0000000100000000)
   the space 524288K,  18% used [0x00000000e0000000, 0x00000000e5e32570, 0x00000000e5e32600, 0x0000000100000000)
 Metaspace       used 67088K, capacity 70494K, committed 70744K, reserved 1110016K
  class space    used 8530K, capacity 9475K, committed 9600K, reserved 1048576K
GC Heap History (10 events):
Event: 17.097 GC heap before
{Heap before GC invocations=22 (full 3):
 def new generation   total 235968K, used 214972K [0x00000000d0000000, 0x00000000e0000000, 0x00000000e0000000)
  eden space 209792K, 100% used [0x00000000d0000000, 0x00000000dcce0000, 0x00000000dcce0000)
  from space 26176K,  19% used [0x00000000de670000, 0x00000000deb7f368, 0x00000000e0000000)
  to   space 26176K,   0% used [0x00000000dcce0000, 0x00000000dcce0000, 0x00000000de670000)
 tenured generation   total 524288K, used 89758K [0x00000000e0000000, 0x0000000100000000, 0x0000000100000000)
   the space 524288K,  17% used [0x00000000e0000000, 0x00000000e57a7918, 0x00000000e57a7a00, 0x0000000100000000)
 Metaspace       used 62603K, capacity 64224K, committed 64344K, reserved 1105920K
  class space    used 7745K, capacity 8257K, committed 8320K, reserved 1048576K
Event: 17.136 GC heap after
Heap after GC invocations=23 (full 3):
 def new generation   total 235968K, used 7932K [0x00000000d0000000, 0x00000000e0000000, 0x00000000e0000000)
  eden space 209792K,   0% used [0x00000000d0000000, 0x00000000d0000000, 0x00000000dcce0000)
  from space 26176K,  30% used [0x00000000dcce0000, 0x00000000dd49f250, 0x00000000de670000)
  to   space 26176K,   0% used [0x00000000de670000, 0x00000000de670000, 0x00000000e0000000)
 tenured generation   total 524288K, used 89758K [0x00000000e0000000, 0x0000000100000000, 0x0000000100000000)
   the space 524288K,  17% used [0x00000000e0000000, 0x00000000e57a7918, 0x00000000e57a7a00, 0x0000000100000000)
 Metaspace       used 62603K, capacity 64224K, committed 64344K, reserved 1105920K
  class space    used 7745K, capacity 8257K, committed 8320K, reserved 1048576K
}
Event: 21.710 GC heap before
{Heap before GC invocations=23 (full 3):
 def new generation   total 235968K, used 217724K [0x00000000d0000000, 0x00000000e0000000, 0x00000000e0000000)
  eden space 209792K, 100% used [0x00000000d0000000, 0x00000000dcce0000, 0x00000000dcce0000)
  from space 26176K,  30% used [0x00000000dcce0000, 0x00000000dd49f250, 0x00000000de670000)
  to   space 26176K,   0% used [0x00000000de670000, 0x00000000de670000, 0x00000000e0000000)
 tenured generation   total 524288K, used 89758K [0x00000000e0000000, 0x0000000100000000, 0x0000000100000000)
   the space 524288K,  17% used [0x00000000e0000000, 0x00000000e57a7918, 0x00000000e57a7a00, 0x0000000100000000)
 Metaspace       used 64161K, capacity 66308K, committed 66392K, reserved 1107968K
  class space    used 8037K, capacity 8809K, committed 8832K, reserved 1048576K
Event: 21.775 GC heap after
Heap after GC invocations=24 (full 3):
 def new generation   total 235968K, used 13899K [0x00000000d0000000, 0x00000000e0000000, 0x00000000e0000000)
  eden space 209792K,   0% used [0x00000000d0000000, 0x00000000d0000000, 0x00000000dcce0000)
  from space 26176K,  53% used [0x00000000de670000, 0x00000000df402fd0, 0x00000000e0000000)
  to   space 26176K,   0% used [0x00000000dcce0000, 0x00000000dcce0000, 0x00000000de670000)
 tenured generation   total 524288K, used 89758K [0x00000000e0000000, 0x0000000100000000, 0x0000000100000000)
   the space 524288K,  17% used [0x00000000e0000000, 0x00000000e57a7918, 0x00000000e57a7a00, 0x0000000100000000)
 Metaspace       used 64161K, capacity 66308K, committed 66392K, reserved 1107968K
  class space    used 8037K, capacity 8809K, committed 8832K, reserved 1048576K
}
Event: 37.188 GC heap before
{Heap before GC invocations=24 (full 3):
 def new generation   total 235968K, used 223691K [0x00000000d0000000, 0x00000000e0000000, 0x00000000e0000000)
  eden space 209792K, 100% used [0x00000000d0000000, 0x00000000dcce0000, 0x00000000dcce0000)
  from space 26176K,  53% used [0x00000000de670000, 0x00000000df402fd0, 0x00000000e0000000)
  to   space 26176K,   0% used [0x00000000dcce0000, 0x00000000dcce0000, 0x00000000de670000)
 tenured generation   total 524288K, used 89758K [0x00000000e0000000, 0x0000000100000000, 0x0000000100000000)
   the space 524288K,  17% used [0x00000000e0000000, 0x00000000e57a7918, 0x00000000e57a7a00, 0x0000000100000000)
 Metaspace       used 65312K, capacity 68120K, committed 68312K, reserved 1107968K
  class space    used 8283K, capacity 9137K, committed 9216K, reserved 1048576K
Event: 37.291 GC heap after
Heap after GC invocations=25 (full 3):
 def new generation   total 235968K, used 15017K [0x00000000d0000000, 0x00000000e0000000, 0x00000000e0000000)
  eden space 209792K,   0% used [0x00000000d0000000, 0x00000000d0000000, 0x00000000dcce0000)
  from space 26176K,  57% used [0x00000000dcce0000, 0x00000000ddb8a608, 0x00000000de670000)
  to   space 26176K,   0% used [0x00000000de670000, 0x00000000de670000, 0x00000000e0000000)
 tenured generation   total 524288K, used 92673K [0x00000000e0000000, 0x0000000100000000, 0x0000000100000000)
   the space 524288K,  17% used [0x00000000e0000000, 0x00000000e5a80550, 0x00000000e5a80600, 0x0000000100000000)
 Metaspace       used 65312K, capacity 68120K, committed 68312K, reserved 1107968K
  class space    used 8283K, capacity 9137K, committed 9216K, reserved 1048576K
}
Event: 42.452 GC heap before
{Heap before GC invocations=25 (full 3):
 def new generation   total 235968K, used 224776K [0x00000000d0000000, 0x00000000e0000000, 0x00000000e0000000)
  eden space 209792K,  99% used [0x00000000d0000000, 0x00000000dccd7c78, 0x00000000dcce0000)
  from space 26176K,  57% used [0x00000000dcce0000, 0x00000000ddb8a608, 0x00000000de670000)
  to   space 26176K,   0% used [0x00000000de670000, 0x00000000de670000, 0x00000000e0000000)
 tenured generation   total 524288K, used 92673K [0x00000000e0000000, 0x0000000100000000, 0x0000000100000000)
   the space 524288K,  17% used [0x00000000e0000000, 0x00000000e5a80550, 0x00000000e5a80600, 0x0000000100000000)
 Metaspace       used 65713K, capacity 68908K, committed 69208K, reserved 1110016K
  class space    used 8369K, capacity 9299K, committed 9344K, reserved 1048576K
Event: 42.569 GC heap after
Heap after GC invocations=26 (full 3):
 def new generation   total 235968K, used 12603K [0x00000000d0000000, 0x00000000e0000000, 0x00000000e0000000)
  eden space 209792K,   0% used [0x00000000d0000000, 0x00000000d0000000, 0x00000000dcce0000)
  from space 26176K,  48% used [0x00000000de670000, 0x00000000df2bef60, 0x00000000e0000000)
  to   space 26176K,   0% used [0x00000000dcce0000, 0x00000000dcce0000, 0x00000000de670000)
 tenured generation   total 524288K, used 96457K [0x00000000e0000000, 0x0000000100000000, 0x0000000100000000)
   the space 524288K,  18% used [0x00000000e0000000, 0x00000000e5e32570, 0x00000000e5e32600, 0x0000000100000000)
 Metaspace       used 65713K, capacity 68908K, committed 69208K, reserved 1110016K
  class space    used 8369K, capacity 9299K, committed 9344K, reserved 1048576K
}
Event: 267.045 GC heap before
{Heap before GC invocations=26 (full 3):
 def new generation   total 235968K, used 222366K [0x00000000d0000000, 0x00000000e0000000, 0x00000000e0000000)
  eden space 209792K,  99% used [0x00000000d0000000, 0x00000000dccd8c38, 0x00000000dcce0000)
  from space 26176K,  48% used [0x00000000de670000, 0x00000000df2bef60, 0x00000000e0000000)
  to   space 26176K,   0% used [0x00000000dcce0000, 0x00000000dcce0000, 0x00000000de670000)
 tenured generation   total 524288K, used 96457K [0x00000000e0000000, 0x0000000100000000, 0x0000000100000000)
   the space 524288K,  18% used [0x00000000e0000000, 0x00000000e5e32570, 0x00000000e5e32600, 0x0000000100000000)
 Metaspace       used 67038K, capacity 70394K, committed 70616K, reserved 1110016K
  class space    used 8521K, capacity 9469K, committed 9472K, reserved 1048576K
Event: 267.192 GC heap after
Heap after GC invocations=27 (full 3):
 def new generation   total 235968K, used 23062K [0x00000000d0000000, 0x00000000e0000000, 0x00000000e0000000)
  eden space 209792K,   0% used [0x00000000d0000000, 0x00000000d0000000, 0x00000000dcce0000)
  from space 26176K,  88% used [0x00000000dcce0000, 0x00000000de365ac8, 0x00000000de670000)
  to   space 26176K,   0% used [0x00000000de670000, 0x00000000de670000, 0x00000000e0000000)
 tenured generation   total 524288K, used 96457K [0x00000000e0000000, 0x0000000100000000, 0x0000000100000000)
   the space 524288K,  18% used [0x00000000e0000000, 0x00000000e5e32570, 0x00000000e5e32600, 0x0000000100000000)
 Metaspace       used 67038K, capacity 70394K, committed 70616K, reserved 1110016K
  class space    used 8521K, capacity 9469K, committed 9472K, reserved 1048576K
}

